Build started 2019/9/18 9:40:02.
     1>Project "D:\VisualStudioProjects\DihedralTesseWindow\DihedralTesseWindow\DihedralTesseWindow.vcxproj" on node 2 (Build target(s)).
     1>ClCompile:
         C:\Program Files (x86)\Microsoft Visual Studio 12.0\VC\bin\x86_amd64\CL.exe /c /I.\GeneratedFiles /I. /IC:\Qt\Qt5.5.1\5.5\msvc2013_64\include /I.\GeneratedFiles\Debug /IC:\Qt\Qt5.5.1\5.5\msvc2013_64\include\QtCore /IC:\Qt\Qt5.5.1\5.5\msvc2013_64\include\QtGui /IC:\Qt\Qt5.5.1\5.5\msvc2013_64\include\QtOpenGL /IC:\Qt\Qt5.5.1\5.5\msvc2013_64\include\QtSvg /IC:\Qt\Qt5.5.1\5.5\msvc2013_64\include\QtWidgets /IC:\local\opencv\build\include /IC:\local\opencv\build\include\opencv /IC:\local\opencv\build\include\opencv2 /Zi /nologo /W1 /WX- /Od /D UNICODE /D WIN32 /D WIN64 /D QT_DLL /D QT_CORE_LIB /D QT_GUI_LIB /D QT_OPENGL_LIB /D QT_SVG_LIB /D QT_WIDGETS_LIB /Gm- /EHsc /MDd /GS /fp:precise /Zc:wchar_t /Zc:forScope /Fo"x64\Debug\\" /Fd"x64\Debug\vc120.pdb" /Gd /TP /errorReport:prompt GeneratedFiles\Debug\moc_dihedraltessewindow.cpp PolygonTile.cpp TilingOpt.cpp Tool.cpp dihedraltessewindow.cpp main.cpp
         moc_dihedraltessewindow.cpp
         PolygonTile.cpp
         TilingOpt.cpp
         Tool.cpp
     1>Tool.cpp(7): error C2374: 'Tiling_tiles::colorbar' : redefinition; multiple initialization
                 d:\visualstudioprojects\dihedraltessewindow\dihedraltessewindow\Tool.h(24) : see declaration of 'Tiling_tiles::colorbar'
     1>Tool.cpp(34): error C2088: '[' : illegal for class
     1>Tool.cpp(34): error C2228: left of '.first' must have class/struct/union
     1>Tool.cpp(36): error C2088: '[' : illegal for class
     1>Tool.cpp(36): error C2228: left of '.second' must have class/struct/union
     1>Tool.cpp(77): error C2088: '[' : illegal for class
     1>Tool.cpp(77): error C2228: left of '.second' must have class/struct/union
     1>Tool.cpp(838): warning C4553: '==' : operator has no effect; did you intend '='?
         dihedraltessewindow.cpp
         main.cpp
         Generating Code...
     1>Done Building Project "D:\VisualStudioProjects\DihedralTesseWindow\DihedralTesseWindow\DihedralTesseWindow.vcxproj" (Build target(s)) -- FAILED.

Build FAILED.

Time Elapsed 00:00:09.76
